<?xml version="1.0" encoding="UTF-8"?>
<testng-results ignored="0" total="1" passed="1" failed="0" skipped="0">
  <reporter-output>
  </reporter-output>
  <suite started-at="2023-12-03T14:05:42 IST" name="GuruBankV1" finished-at="2023-12-03T14:08:15 IST" duration-ms="152780">
    <groups>
    </groups>
    <test started-at="2023-12-03T14:05:42 IST" name="BankingApp Test" finished-at="2023-12-03T14:08:15 IST" duration-ms="152780">
      <class name="com.guruBanking.testcases.TC_EditCustomer_004">
        <test-method is-config="true" signature="setup(java.lang.String)[pri:0, instance:com.guruBanking.testcases.TC_EditCustomer_004@2c88b9fc]" started-at="2023-12-03T14:05:43 IST" name="setup" finished-at="2023-12-03T14:06:58 IST" duration-ms="75275" status="PASS">
          <params>
            <param index="0">
              <value>
                <![CDATA[chrome]]>
              </value>
            </param>
          </params>
          <reporter-output>
          </reporter-output>
        </test-method> <!-- setup -->
        <test-method signature="editCustomer()[pri:0, instance:com.guruBanking.testcases.TC_EditCustomer_004@2c88b9fc]" started-at="2023-12-03T14:06:58 IST" name="editCustomer" finished-at="2023-12-03T14:08:14 IST" duration-ms="76251" status="PASS">
          <reporter-output>
          </reporter-output>
        </test-method> <!-- editCustomer -->
        <test-method is-config="true" signature="teardown()[pri:0, instance:com.guruBanking.testcases.TC_EditCustomer_004@2c88b9fc]" started-at="2023-12-03T14:08:14 IST" name="teardown" finished-at="2023-12-03T14:08:15 IST" duration-ms="758" status="PASS">
          <reporter-output>
          </reporter-output>
        </test-method> <!-- teardown -->
      </class> <!-- com.guruBanking.testcases.TC_EditCustomer_004 -->
    </test> <!-- BankingApp Test -->
  </suite> <!-- GuruBankV1 -->
</testng-results>
